27-Nov-2015 16:59:37.124 INFO [Thread-4] org.apache.coyote.AbstractProtocol.pause Pausing ProtocolHandler ["http-apr-8080"]
27-Nov-2015 16:59:37.192 INFO [Thread-4] org.apache.coyote.AbstractProtocol.pause Pausing ProtocolHandler ["ajp-apr-8009"]
27-Nov-2015 16:59:37.244 INFO [Thread-4] org.apache.catalina.core.StandardService.stopInternal Stopping service Catalina
27-Nov-2015 16:59:37.303 INFO [Thread-4] org.apache.coyote.AbstractProtocol.stop Stopping ProtocolHandler ["http-apr-8080"]
27-Nov-2015 16:59:37.357 INFO [Thread-4] org.apache.coyote.AbstractProtocol.stop Stopping ProtocolHandler ["ajp-apr-8009"]
27-Nov-2015 16:59:42.209 INFO [main] org.apache.catalina.startup.VersionLoggerListener.log Server version:        Apache Tomcat/8.0.28
27-Nov-2015 16:59:42.210 INFO [main] org.apache.catalina.startup.VersionLoggerListener.log Server built:          Oct 7 2015 18:25:21 UTC
27-Nov-2015 16:59:42.210 INFO [main] org.apache.catalina.startup.VersionLoggerListener.log Server number:         8.0.28.0
27-Nov-2015 16:59:42.210 INFO [main] org.apache.catalina.startup.VersionLoggerListener.log OS Name:               Windows 8
27-Nov-2015 16:59:42.211 INFO [main] org.apache.catalina.startup.VersionLoggerListener.log OS Version:            6.2
27-Nov-2015 16:59:42.211 INFO [main] org.apache.catalina.startup.VersionLoggerListener.log Architecture:          amd64
27-Nov-2015 16:59:42.211 INFO [main] org.apache.catalina.startup.VersionLoggerListener.log Java Home:             I:\java 8\jre
27-Nov-2015 16:59:42.211 INFO [main] org.apache.catalina.startup.VersionLoggerListener.log JVM Version:           1.8.0_20-b26
27-Nov-2015 16:59:42.211 INFO [main] org.apache.catalina.startup.VersionLoggerListener.log JVM Vendor:            Oracle Corporation
27-Nov-2015 16:59:42.211 INFO [main] org.apache.catalina.startup.VersionLoggerListener.log CATALINA_BASE:         I:\TomCat\apache-tomcat-8.0.28
27-Nov-2015 16:59:42.211 INFO [main] org.apache.catalina.startup.VersionLoggerListener.log CATALINA_HOME:         I:\TomCat\apache-tomcat-8.0.28
27-Nov-2015 16:59:42.212 INFO [main] org.apache.catalina.startup.VersionLoggerListener.log Command line argument: -Dcatalina.home=I:\TomCat\apache-tomcat-8.0.28
27-Nov-2015 16:59:42.212 INFO [main] org.apache.catalina.startup.VersionLoggerListener.log Command line argument: -Dcatalina.base=I:\TomCat\apache-tomcat-8.0.28
27-Nov-2015 16:59:42.212 INFO [main] org.apache.catalina.startup.VersionLoggerListener.log Command line argument: -Djava.endorsed.dirs=I:\TomCat\apache-tomcat-8.0.28\endorsed
27-Nov-2015 16:59:42.212 INFO [main] org.apache.catalina.startup.VersionLoggerListener.log Command line argument: -Djava.io.tmpdir=I:\TomCat\apache-tomcat-8.0.28\temp
27-Nov-2015 16:59:42.212 INFO [main] org.apache.catalina.startup.VersionLoggerListener.log Command line argument: -Djava.util.logging.manager=org.apache.juli.ClassLoaderLogManager
27-Nov-2015 16:59:42.213 INFO [main] org.apache.catalina.startup.VersionLoggerListener.log Command line argument: -Djava.util.logging.config.file=I:\TomCat\apache-tomcat-8.0.28\conf\logging.properties
27-Nov-2015 16:59:42.213 INFO [main] org.apache.catalina.startup.VersionLoggerListener.log Command line argument: exit
27-Nov-2015 16:59:42.213 INFO [main] org.apache.catalina.startup.VersionLoggerListener.log Command line argument: -Xms128m
27-Nov-2015 16:59:42.213 INFO [main] org.apache.catalina.startup.VersionLoggerListener.log Command line argument: -Xmx256m
27-Nov-2015 16:59:42.213 INFO [main] org.apache.catalina.core.AprLifecycleListener.lifecycleEvent Loaded APR based Apache Tomcat Native library 1.1.33 using APR version 1.5.1.
27-Nov-2015 16:59:42.213 INFO [main] org.apache.catalina.core.AprLifecycleListener.lifecycleEvent APR capabilities: IPv6 [true], sendfile [true], accept filters [false], random [true].
27-Nov-2015 16:59:43.000 INFO [main] org.apache.catalina.core.AprLifecycleListener.initializeSSL OpenSSL successfully initialized (OpenSSL 1.0.1m 19 Mar 2015)
27-Nov-2015 16:59:43.197 INFO [main] org.apache.coyote.AbstractProtocol.init Initializing ProtocolHandler ["http-apr-8080"]
27-Nov-2015 16:59:43.212 INFO [main] org.apache.coyote.AbstractProtocol.init Initializing ProtocolHandler ["ajp-apr-8009"]
27-Nov-2015 16:59:43.215 INFO [main] org.apache.catalina.startup.Catalina.load Initialization processed in 1668 ms
27-Nov-2015 16:59:43.254 INFO [main] org.apache.catalina.core.StandardService.startInternal Starting service Catalina
27-Nov-2015 16:59:43.255 INFO [main] org.apache.catalina.core.StandardEngine.startInternal Starting Servlet Engine: Apache Tomcat/8.0.28
27-Nov-2015 16:59:43.275 INFO [localhost-startStop-1] org.apache.catalina.startup.HostConfig.deployDirectory Deploying web application directory I:\TomCat\apache-tomcat-8.0.28\webapps\docs
27-Nov-2015 16:59:43.952 INFO [localhost-startStop-1] org.apache.catalina.util.SessionIdGeneratorBase.createSecureRandom Creation of SecureRandom instance for session ID generation using [SHA1PRNG] took [278] milliseconds.
27-Nov-2015 16:59:43.982 INFO [localhost-startStop-1] org.apache.catalina.startup.HostConfig.deployDirectory Deployment of web application directory I:\TomCat\apache-tomcat-8.0.28\webapps\docs has finished in 707 ms
27-Nov-2015 16:59:43.982 INFO [localhost-startStop-1] org.apache.catalina.startup.HostConfig.deployDirectory Deploying web application directory I:\TomCat\apache-tomcat-8.0.28\webapps\examples
27-Nov-2015 16:59:44.483 INFO [localhost-startStop-1] org.apache.catalina.startup.HostConfig.deployDirectory Deployment of web application directory I:\TomCat\apache-tomcat-8.0.28\webapps\examples has finished in 501 ms
27-Nov-2015 16:59:44.483 INFO [localhost-startStop-1] org.apache.catalina.startup.HostConfig.deployDirectory Deploying web application directory I:\TomCat\apache-tomcat-8.0.28\webapps\host-manager
27-Nov-2015 16:59:44.573 INFO [localhost-startStop-1] org.apache.catalina.startup.HostConfig.deployDirectory Deployment of web application directory I:\TomCat\apache-tomcat-8.0.28\webapps\host-manager has finished in 90 ms
27-Nov-2015 16:59:44.573 INFO [localhost-startStop-1] org.apache.catalina.startup.HostConfig.deployDirectory Deploying web application directory I:\TomCat\apache-tomcat-8.0.28\webapps\manager
27-Nov-2015 16:59:44.609 INFO [localhost-startStop-1] org.apache.catalina.startup.HostConfig.deployDirectory Deployment of web application directory I:\TomCat\apache-tomcat-8.0.28\webapps\manager has finished in 36 ms
27-Nov-2015 16:59:44.610 INFO [localhost-startStop-1] org.apache.catalina.startup.HostConfig.deployDirectory Deploying web application directory I:\TomCat\apache-tomcat-8.0.28\webapps\mp3
27-Nov-2015 16:59:44.639 INFO [localhost-startStop-1] org.apache.catalina.startup.HostConfig.deployDirectory Deployment of web application directory I:\TomCat\apache-tomcat-8.0.28\webapps\mp3 has finished in 29 ms
27-Nov-2015 16:59:44.640 INFO [localhost-startStop-1] org.apache.catalina.startup.HostConfig.deployDirectory Deploying web application directory I:\TomCat\apache-tomcat-8.0.28\webapps\myXML
27-Nov-2015 16:59:44.686 INFO [localhost-startStop-1] org.apache.catalina.startup.HostConfig.deployDirectory Deployment of web application directory I:\TomCat\apache-tomcat-8.0.28\webapps\myXML has finished in 46 ms
27-Nov-2015 16:59:44.687 INFO [localhost-startStop-1] org.apache.catalina.startup.HostConfig.deployDirectory Deploying web application directory I:\TomCat\apache-tomcat-8.0.28\webapps\ROOT
27-Nov-2015 16:59:44.720 INFO [localhost-startStop-1] org.apache.catalina.startup.HostConfig.deployDirectory Deployment of web application directory I:\TomCat\apache-tomcat-8.0.28\webapps\ROOT has finished in 33 ms
27-Nov-2015 16:59:44.725 INFO [main] org.apache.coyote.AbstractProtocol.start Starting ProtocolHandler ["http-apr-8080"]
27-Nov-2015 16:59:44.734 INFO [main] org.apache.coyote.AbstractProtocol.start Starting ProtocolHandler ["ajp-apr-8009"]
27-Nov-2015 16:59:44.735 INFO [main] org.apache.catalina.startup.Catalina.start Server startup in 1518 ms
27-Nov-2015 19:17:50.823 INFO [Thread-4] org.apache.coyote.AbstractProtocol.pause Pausing ProtocolHandler ["http-apr-8080"]
27-Nov-2015 19:17:50.901 INFO [Thread-4] org.apache.coyote.AbstractProtocol.pause Pausing ProtocolHandler ["ajp-apr-8009"]
27-Nov-2015 19:17:50.963 INFO [Thread-4] org.apache.catalina.core.StandardService.stopInternal Stopping service Catalina
27-Nov-2015 19:17:51.010 INFO [Thread-4] org.apache.coyote.AbstractProtocol.stop Stopping ProtocolHandler ["http-apr-8080"]
27-Nov-2015 19:17:51.073 INFO [Thread-4] org.apache.coyote.AbstractProtocol.stop Stopping ProtocolHandler ["ajp-apr-8009"]
27-Nov-2015 19:21:24.623 INFO [main] org.apache.catalina.startup.VersionLoggerListener.log Server version:        Apache Tomcat/8.0.28
27-Nov-2015 19:21:24.623 INFO [main] org.apache.catalina.startup.VersionLoggerListener.log Server built:          Oct 7 2015 18:25:21 UTC
27-Nov-2015 19:21:24.623 INFO [main] org.apache.catalina.startup.VersionLoggerListener.log Server number:         8.0.28.0
27-Nov-2015 19:21:24.623 INFO [main] org.apache.catalina.startup.VersionLoggerListener.log OS Name:               Windows 8
27-Nov-2015 19:21:24.633 INFO [main] org.apache.catalina.startup.VersionLoggerListener.log OS Version:            6.2
27-Nov-2015 19:21:24.633 INFO [main] org.apache.catalina.startup.VersionLoggerListener.log Architecture:          amd64
27-Nov-2015 19:21:24.633 INFO [main] org.apache.catalina.startup.VersionLoggerListener.log Java Home:             I:\java 8\jre
27-Nov-2015 19:21:24.633 INFO [main] org.apache.catalina.startup.VersionLoggerListener.log JVM Version:           1.8.0_20-b26
27-Nov-2015 19:21:24.633 INFO [main] org.apache.catalina.startup.VersionLoggerListener.log JVM Vendor:            Oracle Corporation
27-Nov-2015 19:21:24.633 INFO [main] org.apache.catalina.startup.VersionLoggerListener.log CATALINA_BASE:         I:\TomCat\apache-tomcat-8.0.28
27-Nov-2015 19:21:24.633 INFO [main] org.apache.catalina.startup.VersionLoggerListener.log CATALINA_HOME:         I:\TomCat\apache-tomcat-8.0.28
27-Nov-2015 19:21:24.633 INFO [main] org.apache.catalina.startup.VersionLoggerListener.log Command line argument: -Dcatalina.home=I:\TomCat\apache-tomcat-8.0.28
27-Nov-2015 19:21:24.633 INFO [main] org.apache.catalina.startup.VersionLoggerListener.log Command line argument: -Dcatalina.base=I:\TomCat\apache-tomcat-8.0.28
27-Nov-2015 19:21:24.633 INFO [main] org.apache.catalina.startup.VersionLoggerListener.log Command line argument: -Djava.endorsed.dirs=I:\TomCat\apache-tomcat-8.0.28\endorsed
27-Nov-2015 19:21:24.633 INFO [main] org.apache.catalina.startup.VersionLoggerListener.log Command line argument: -Djava.io.tmpdir=I:\TomCat\apache-tomcat-8.0.28\temp
27-Nov-2015 19:21:24.633 INFO [main] org.apache.catalina.startup.VersionLoggerListener.log Command line argument: -Djava.util.logging.manager=org.apache.juli.ClassLoaderLogManager
27-Nov-2015 19:21:24.633 INFO [main] org.apache.catalina.startup.VersionLoggerListener.log Command line argument: -Djava.util.logging.config.file=I:\TomCat\apache-tomcat-8.0.28\conf\logging.properties
27-Nov-2015 19:21:24.633 INFO [main] org.apache.catalina.startup.VersionLoggerListener.log Command line argument: exit
27-Nov-2015 19:21:24.633 INFO [main] org.apache.catalina.startup.VersionLoggerListener.log Command line argument: -Xms128m
27-Nov-2015 19:21:24.633 INFO [main] org.apache.catalina.startup.VersionLoggerListener.log Command line argument: -Xmx256m
27-Nov-2015 19:21:24.633 INFO [main] org.apache.catalina.core.AprLifecycleListener.lifecycleEvent Loaded APR based Apache Tomcat Native library 1.1.33 using APR version 1.5.1.
27-Nov-2015 19:21:24.633 INFO [main] org.apache.catalina.core.AprLifecycleListener.lifecycleEvent APR capabilities: IPv6 [true], sendfile [true], accept filters [false], random [true].
27-Nov-2015 19:21:25.263 INFO [main] org.apache.catalina.core.AprLifecycleListener.initializeSSL OpenSSL successfully initialized (OpenSSL 1.0.1m 19 Mar 2015)
27-Nov-2015 19:21:25.453 INFO [main] org.apache.coyote.AbstractProtocol.init Initializing ProtocolHandler ["http-apr-8080"]
27-Nov-2015 19:21:25.463 INFO [main] org.apache.coyote.AbstractProtocol.init Initializing ProtocolHandler ["ajp-apr-8009"]
27-Nov-2015 19:21:25.463 INFO [main] org.apache.catalina.startup.Catalina.load Initialization processed in 1318 ms
27-Nov-2015 19:21:25.503 INFO [main] org.apache.catalina.core.StandardService.startInternal Starting service Catalina
27-Nov-2015 19:21:25.503 INFO [main] org.apache.catalina.core.StandardEngine.startInternal Starting Servlet Engine: Apache Tomcat/8.0.28
27-Nov-2015 19:21:25.513 INFO [localhost-startStop-1] org.apache.catalina.startup.HostConfig.deployDirectory Deploying web application directory I:\TomCat\apache-tomcat-8.0.28\webapps\docs
27-Nov-2015 19:21:26.143 INFO [localhost-startStop-1] org.apache.catalina.util.SessionIdGeneratorBase.createSecureRandom Creation of SecureRandom instance for session ID generation using [SHA1PRNG] took [280] milliseconds.
27-Nov-2015 19:21:26.183 INFO [localhost-startStop-1] org.apache.catalina.startup.HostConfig.deployDirectory Deployment of web application directory I:\TomCat\apache-tomcat-8.0.28\webapps\docs has finished in 670 ms
27-Nov-2015 19:21:26.183 INFO [localhost-startStop-1] org.apache.catalina.startup.HostConfig.deployDirectory Deploying web application directory I:\TomCat\apache-tomcat-8.0.28\webapps\examples
27-Nov-2015 19:21:26.693 INFO [localhost-startStop-1] org.apache.catalina.startup.HostConfig.deployDirectory Deployment of web application directory I:\TomCat\apache-tomcat-8.0.28\webapps\examples has finished in 509 ms
27-Nov-2015 19:21:26.693 INFO [localhost-startStop-1] org.apache.catalina.startup.HostConfig.deployDirectory Deploying web application directory I:\TomCat\apache-tomcat-8.0.28\webapps\host-manager
27-Nov-2015 19:21:26.746 INFO [localhost-startStop-1] org.apache.catalina.startup.HostConfig.deployDirectory Deployment of web application directory I:\TomCat\apache-tomcat-8.0.28\webapps\host-manager has finished in 53 ms
27-Nov-2015 19:21:26.747 INFO [localhost-startStop-1] org.apache.catalina.startup.HostConfig.deployDirectory Deploying web application directory I:\TomCat\apache-tomcat-8.0.28\webapps\manager
27-Nov-2015 19:21:26.784 INFO [localhost-startStop-1] org.apache.catalina.startup.HostConfig.deployDirectory Deployment of web application directory I:\TomCat\apache-tomcat-8.0.28\webapps\manager has finished in 37 ms
27-Nov-2015 19:21:26.784 INFO [localhost-startStop-1] org.apache.catalina.startup.HostConfig.deployDirectory Deploying web application directory I:\TomCat\apache-tomcat-8.0.28\webapps\mp3
27-Nov-2015 19:21:26.816 INFO [localhost-startStop-1] org.apache.catalina.startup.HostConfig.deployDirectory Deployment of web application directory I:\TomCat\apache-tomcat-8.0.28\webapps\mp3 has finished in 32 ms
27-Nov-2015 19:21:26.817 INFO [localhost-startStop-1] org.apache.catalina.startup.HostConfig.deployDirectory Deploying web application directory I:\TomCat\apache-tomcat-8.0.28\webapps\myXML
27-Nov-2015 19:21:26.852 INFO [localhost-startStop-1] org.apache.catalina.startup.HostConfig.deployDirectory Deployment of web application directory I:\TomCat\apache-tomcat-8.0.28\webapps\myXML has finished in 36 ms
27-Nov-2015 19:21:26.853 INFO [localhost-startStop-1] org.apache.catalina.startup.HostConfig.deployDirectory Deploying web application directory I:\TomCat\apache-tomcat-8.0.28\webapps\ROOT
27-Nov-2015 19:21:26.880 INFO [localhost-startStop-1] org.apache.catalina.startup.HostConfig.deployDirectory Deployment of web application directory I:\TomCat\apache-tomcat-8.0.28\webapps\ROOT has finished in 27 ms
27-Nov-2015 19:21:26.884 INFO [main] org.apache.coyote.AbstractProtocol.start Starting ProtocolHandler ["http-apr-8080"]
27-Nov-2015 19:21:26.896 INFO [main] org.apache.coyote.AbstractProtocol.start Starting ProtocolHandler ["ajp-apr-8009"]
27-Nov-2015 19:21:26.897 INFO [main] org.apache.catalina.startup.Catalina.start Server startup in 1425 ms
