
2015-12-12 19:32:54 Commons Daemon procrun stderr initialized
12-Dec-2015 19:32:55.277 INFO [main] org.apache.catalina.startup.VersionLoggerListener.log Server version:        Apache Tomcat/8.0.28
12-Dec-2015 19:32:55.278 INFO [main] org.apache.catalina.startup.VersionLoggerListener.log Server built:          Oct 7 2015 18:25:21 UTC
12-Dec-2015 19:32:55.278 INFO [main] org.apache.catalina.startup.VersionLoggerListener.log Server number:         8.0.28.0
12-Dec-2015 19:32:55.279 INFO [main] org.apache.catalina.startup.VersionLoggerListener.log OS Name:               Windows 8
12-Dec-2015 19:32:55.279 INFO [main] org.apache.catalina.startup.VersionLoggerListener.log OS Version:            6.2
12-Dec-2015 19:32:55.279 INFO [main] org.apache.catalina.startup.VersionLoggerListener.log Architecture:          amd64
12-Dec-2015 19:32:55.279 INFO [main] org.apache.catalina.startup.VersionLoggerListener.log Java Home:             I:\java 8\jre
12-Dec-2015 19:32:55.279 INFO [main] org.apache.catalina.startup.VersionLoggerListener.log JVM Version:           1.8.0_20-b26
12-Dec-2015 19:32:55.279 INFO [main] org.apache.catalina.startup.VersionLoggerListener.log JVM Vendor:            Oracle Corporation
12-Dec-2015 19:32:55.279 INFO [main] org.apache.catalina.startup.VersionLoggerListener.log CATALINA_BASE:         I:\TomCat\apache-tomcat-8.0.28
12-Dec-2015 19:32:55.280 INFO [main] org.apache.catalina.startup.VersionLoggerListener.log CATALINA_HOME:         I:\TomCat\apache-tomcat-8.0.28
12-Dec-2015 19:32:55.280 INFO [main] org.apache.catalina.startup.VersionLoggerListener.log Command line argument: -Dcatalina.home=I:\TomCat\apache-tomcat-8.0.28
12-Dec-2015 19:32:55.280 INFO [main] org.apache.catalina.startup.VersionLoggerListener.log Command line argument: -Dcatalina.base=I:\TomCat\apache-tomcat-8.0.28
12-Dec-2015 19:32:55.280 INFO [main] org.apache.catalina.startup.VersionLoggerListener.log Command line argument: -Djava.endorsed.dirs=I:\TomCat\apache-tomcat-8.0.28\endorsed
12-Dec-2015 19:32:55.281 INFO [main] org.apache.catalina.startup.VersionLoggerListener.log Command line argument: -Djava.io.tmpdir=I:\TomCat\apache-tomcat-8.0.28\temp
12-Dec-2015 19:32:55.281 INFO [main] org.apache.catalina.startup.VersionLoggerListener.log Command line argument: -Djava.util.logging.manager=org.apache.juli.ClassLoaderLogManager
12-Dec-2015 19:32:55.281 INFO [main] org.apache.catalina.startup.VersionLoggerListener.log Command line argument: -Djava.util.logging.config.file=I:\TomCat\apache-tomcat-8.0.28\conf\logging.properties
12-Dec-2015 19:32:55.281 INFO [main] org.apache.catalina.startup.VersionLoggerListener.log Command line argument: exit
12-Dec-2015 19:32:55.281 INFO [main] org.apache.catalina.startup.VersionLoggerListener.log Command line argument: -Xms128m
12-Dec-2015 19:32:55.281 INFO [main] org.apache.catalina.startup.VersionLoggerListener.log Command line argument: -Xmx256m
12-Dec-2015 19:32:55.282 INFO [main] org.apache.catalina.core.AprLifecycleListener.lifecycleEvent Loaded APR based Apache Tomcat Native library 1.1.33 using APR version 1.5.1.
12-Dec-2015 19:32:55.282 INFO [main] org.apache.catalina.core.AprLifecycleListener.lifecycleEvent APR capabilities: IPv6 [true], sendfile [true], accept filters [false], random [true].
12-Dec-2015 19:32:55.932 INFO [main] org.apache.catalina.core.AprLifecycleListener.initializeSSL OpenSSL successfully initialized (OpenSSL 1.0.1m 19 Mar 2015)
12-Dec-2015 19:32:56.090 INFO [main] org.apache.coyote.AbstractProtocol.init Initializing ProtocolHandler ["http-apr-8080"]
12-Dec-2015 19:32:56.103 INFO [main] org.apache.coyote.AbstractProtocol.init Initializing ProtocolHandler ["ajp-apr-8009"]
12-Dec-2015 19:32:56.105 INFO [main] org.apache.catalina.startup.Catalina.load Initialization processed in 1302 ms
12-Dec-2015 19:32:56.136 INFO [main] org.apache.catalina.core.StandardService.startInternal Starting service Catalina
12-Dec-2015 19:32:56.137 INFO [main] org.apache.catalina.core.StandardEngine.startInternal Starting Servlet Engine: Apache Tomcat/8.0.28
12-Dec-2015 19:32:56.149 INFO [localhost-startStop-1] org.apache.catalina.startup.HostConfig.deployDirectory Deploying web application directory I:\TomCat\apache-tomcat-8.0.28\webapps\docs
12-Dec-2015 19:32:56.743 INFO [localhost-startStop-1] org.apache.catalina.util.SessionIdGeneratorBase.createSecureRandom Creation of SecureRandom instance for session ID generation using [SHA1PRNG] took [234] milliseconds.
12-Dec-2015 19:32:56.768 INFO [localhost-startStop-1] org.apache.catalina.startup.HostConfig.deployDirectory Deployment of web application directory I:\TomCat\apache-tomcat-8.0.28\webapps\docs has finished in 620 ms
12-Dec-2015 19:32:56.769 INFO [localhost-startStop-1] org.apache.catalina.startup.HostConfig.deployDirectory Deploying web application directory I:\TomCat\apache-tomcat-8.0.28\webapps\examples
12-Dec-2015 19:32:57.219 INFO [localhost-startStop-1] org.apache.catalina.startup.HostConfig.deployDirectory Deployment of web application directory I:\TomCat\apache-tomcat-8.0.28\webapps\examples has finished in 450 ms
12-Dec-2015 19:32:57.220 INFO [localhost-startStop-1] org.apache.catalina.startup.HostConfig.deployDirectory Deploying web application directory I:\TomCat\apache-tomcat-8.0.28\webapps\host-manager
12-Dec-2015 19:32:57.271 INFO [localhost-startStop-1] org.apache.catalina.startup.HostConfig.deployDirectory Deployment of web application directory I:\TomCat\apache-tomcat-8.0.28\webapps\host-manager has finished in 51 ms
12-Dec-2015 19:32:57.271 INFO [localhost-startStop-1] org.apache.catalina.startup.HostConfig.deployDirectory Deploying web application directory I:\TomCat\apache-tomcat-8.0.28\webapps\manager
12-Dec-2015 19:32:57.308 INFO [localhost-startStop-1] org.apache.catalina.startup.HostConfig.deployDirectory Deployment of web application directory I:\TomCat\apache-tomcat-8.0.28\webapps\manager has finished in 37 ms
12-Dec-2015 19:32:57.308 INFO [localhost-startStop-1] org.apache.catalina.startup.HostConfig.deployDirectory Deploying web application directory I:\TomCat\apache-tomcat-8.0.28\webapps\mp3
12-Dec-2015 19:32:57.335 INFO [localhost-startStop-1] org.apache.catalina.startup.HostConfig.deployDirectory Deployment of web application directory I:\TomCat\apache-tomcat-8.0.28\webapps\mp3 has finished in 26 ms
12-Dec-2015 19:32:57.335 INFO [localhost-startStop-1] org.apache.catalina.startup.HostConfig.deployDirectory Deploying web application directory I:\TomCat\apache-tomcat-8.0.28\webapps\myXML
12-Dec-2015 19:32:57.372 INFO [localhost-startStop-1] org.apache.catalina.startup.HostConfig.deployDirectory Deployment of web application directory I:\TomCat\apache-tomcat-8.0.28\webapps\myXML has finished in 37 ms
12-Dec-2015 19:32:57.372 INFO [localhost-startStop-1] org.apache.catalina.startup.HostConfig.deployDirectory Deploying web application directory I:\TomCat\apache-tomcat-8.0.28\webapps\ROOT
12-Dec-2015 19:32:57.403 INFO [localhost-startStop-1] org.apache.catalina.startup.HostConfig.deployDirectory Deployment of web application directory I:\TomCat\apache-tomcat-8.0.28\webapps\ROOT has finished in 31 ms
12-Dec-2015 19:32:57.407 INFO [main] org.apache.coyote.AbstractProtocol.start Starting ProtocolHandler ["http-apr-8080"]
12-Dec-2015 19:32:57.417 INFO [main] org.apache.coyote.AbstractProtocol.start Starting ProtocolHandler ["ajp-apr-8009"]
12-Dec-2015 19:32:57.418 INFO [main] org.apache.catalina.startup.Catalina.start Server startup in 1312 ms
13-Dec-2015 00:08:58.659 INFO [Thread-4] org.apache.coyote.AbstractProtocol.pause Pausing ProtocolHandler ["http-apr-8080"]
13-Dec-2015 00:08:58.753 INFO [Thread-4] org.apache.coyote.AbstractProtocol.pause Pausing ProtocolHandler ["ajp-apr-8009"]
13-Dec-2015 00:08:58.815 INFO [Thread-4] org.apache.catalina.core.StandardService.stopInternal Stopping service Catalina
13-Dec-2015 00:08:58.896 INFO [Thread-4] org.apache.coyote.AbstractProtocol.stop Stopping ProtocolHandler ["http-apr-8080"]
13-Dec-2015 00:08:58.962 INFO [Thread-4] org.apache.coyote.AbstractProtocol.stop Stopping ProtocolHandler ["ajp-apr-8009"]
