
2015-12-05 12:10:25 Commons Daemon procrun stderr initialized
05-Dec-2015 12:10:26.729 INFO [main] org.apache.catalina.startup.VersionLoggerListener.log Server version:        Apache Tomcat/8.0.28
05-Dec-2015 12:10:26.731 INFO [main] org.apache.catalina.startup.VersionLoggerListener.log Server built:          Oct 7 2015 18:25:21 UTC
05-Dec-2015 12:10:26.731 INFO [main] org.apache.catalina.startup.VersionLoggerListener.log Server number:         8.0.28.0
05-Dec-2015 12:10:26.731 INFO [main] org.apache.catalina.startup.VersionLoggerListener.log OS Name:               Windows 8
05-Dec-2015 12:10:26.731 INFO [main] org.apache.catalina.startup.VersionLoggerListener.log OS Version:            6.2
05-Dec-2015 12:10:26.732 INFO [main] org.apache.catalina.startup.VersionLoggerListener.log Architecture:          amd64
05-Dec-2015 12:10:26.732 INFO [main] org.apache.catalina.startup.VersionLoggerListener.log Java Home:             I:\java 8\jre
05-Dec-2015 12:10:26.732 INFO [main] org.apache.catalina.startup.VersionLoggerListener.log JVM Version:           1.8.0_20-b26
05-Dec-2015 12:10:26.732 INFO [main] org.apache.catalina.startup.VersionLoggerListener.log JVM Vendor:            Oracle Corporation
05-Dec-2015 12:10:26.732 INFO [main] org.apache.catalina.startup.VersionLoggerListener.log CATALINA_BASE:         I:\TomCat\apache-tomcat-8.0.28
05-Dec-2015 12:10:26.732 INFO [main] org.apache.catalina.startup.VersionLoggerListener.log CATALINA_HOME:         I:\TomCat\apache-tomcat-8.0.28
05-Dec-2015 12:10:26.733 INFO [main] org.apache.catalina.startup.VersionLoggerListener.log Command line argument: -Dcatalina.home=I:\TomCat\apache-tomcat-8.0.28
05-Dec-2015 12:10:26.733 INFO [main] org.apache.catalina.startup.VersionLoggerListener.log Command line argument: -Dcatalina.base=I:\TomCat\apache-tomcat-8.0.28
05-Dec-2015 12:10:26.733 INFO [main] org.apache.catalina.startup.VersionLoggerListener.log Command line argument: -Djava.endorsed.dirs=I:\TomCat\apache-tomcat-8.0.28\endorsed
05-Dec-2015 12:10:26.733 INFO [main] org.apache.catalina.startup.VersionLoggerListener.log Command line argument: -Djava.io.tmpdir=I:\TomCat\apache-tomcat-8.0.28\temp
05-Dec-2015 12:10:26.733 INFO [main] org.apache.catalina.startup.VersionLoggerListener.log Command line argument: -Djava.util.logging.manager=org.apache.juli.ClassLoaderLogManager
05-Dec-2015 12:10:26.733 INFO [main] org.apache.catalina.startup.VersionLoggerListener.log Command line argument: -Djava.util.logging.config.file=I:\TomCat\apache-tomcat-8.0.28\conf\logging.properties
05-Dec-2015 12:10:26.733 INFO [main] org.apache.catalina.startup.VersionLoggerListener.log Command line argument: exit
05-Dec-2015 12:10:26.734 INFO [main] org.apache.catalina.startup.VersionLoggerListener.log Command line argument: -Xms128m
05-Dec-2015 12:10:26.734 INFO [main] org.apache.catalina.startup.VersionLoggerListener.log Command line argument: -Xmx256m
05-Dec-2015 12:10:26.734 INFO [main] org.apache.catalina.core.AprLifecycleListener.lifecycleEvent Loaded APR based Apache Tomcat Native library 1.1.33 using APR version 1.5.1.
05-Dec-2015 12:10:26.734 INFO [main] org.apache.catalina.core.AprLifecycleListener.lifecycleEvent APR capabilities: IPv6 [true], sendfile [true], accept filters [false], random [true].
05-Dec-2015 12:10:27.598 INFO [main] org.apache.catalina.core.AprLifecycleListener.initializeSSL OpenSSL successfully initialized (OpenSSL 1.0.1m 19 Mar 2015)
05-Dec-2015 12:10:27.915 INFO [main] org.apache.coyote.AbstractProtocol.init Initializing ProtocolHandler ["http-apr-8080"]
05-Dec-2015 12:10:27.931 INFO [main] org.apache.coyote.AbstractProtocol.init Initializing ProtocolHandler ["ajp-apr-8009"]
05-Dec-2015 12:10:27.934 INFO [main] org.apache.catalina.startup.Catalina.load Initialization processed in 1699 ms
05-Dec-2015 12:10:27.971 INFO [main] org.apache.catalina.core.StandardService.startInternal Starting service Catalina
05-Dec-2015 12:10:27.971 INFO [main] org.apache.catalina.core.StandardEngine.startInternal Starting Servlet Engine: Apache Tomcat/8.0.28
05-Dec-2015 12:10:27.987 INFO [localhost-startStop-1] org.apache.catalina.startup.HostConfig.deployDirectory Deploying web application directory I:\TomCat\apache-tomcat-8.0.28\webapps\docs
05-Dec-2015 12:10:28.695 INFO [localhost-startStop-1] org.apache.catalina.util.SessionIdGeneratorBase.createSecureRandom Creation of SecureRandom instance for session ID generation using [SHA1PRNG] took [291] milliseconds.
05-Dec-2015 12:10:28.787 INFO [localhost-startStop-1] org.apache.catalina.startup.HostConfig.deployDirectory Deployment of web application directory I:\TomCat\apache-tomcat-8.0.28\webapps\docs has finished in 800 ms
05-Dec-2015 12:10:28.787 INFO [localhost-startStop-1] org.apache.catalina.startup.HostConfig.deployDirectory Deploying web application directory I:\TomCat\apache-tomcat-8.0.28\webapps\examples
05-Dec-2015 12:10:29.347 INFO [localhost-startStop-1] org.apache.catalina.startup.HostConfig.deployDirectory Deployment of web application directory I:\TomCat\apache-tomcat-8.0.28\webapps\examples has finished in 560 ms
05-Dec-2015 12:10:29.347 INFO [localhost-startStop-1] org.apache.catalina.startup.HostConfig.deployDirectory Deploying web application directory I:\TomCat\apache-tomcat-8.0.28\webapps\host-manager
05-Dec-2015 12:10:29.402 INFO [localhost-startStop-1] org.apache.catalina.startup.HostConfig.deployDirectory Deployment of web application directory I:\TomCat\apache-tomcat-8.0.28\webapps\host-manager has finished in 55 ms
05-Dec-2015 12:10:29.402 INFO [localhost-startStop-1] org.apache.catalina.startup.HostConfig.deployDirectory Deploying web application directory I:\TomCat\apache-tomcat-8.0.28\webapps\manager
05-Dec-2015 12:10:29.442 INFO [localhost-startStop-1] org.apache.catalina.startup.HostConfig.deployDirectory Deployment of web application directory I:\TomCat\apache-tomcat-8.0.28\webapps\manager has finished in 40 ms
05-Dec-2015 12:10:29.442 INFO [localhost-startStop-1] org.apache.catalina.startup.HostConfig.deployDirectory Deploying web application directory I:\TomCat\apache-tomcat-8.0.28\webapps\mp3
05-Dec-2015 12:10:29.470 INFO [localhost-startStop-1] org.apache.catalina.startup.HostConfig.deployDirectory Deployment of web application directory I:\TomCat\apache-tomcat-8.0.28\webapps\mp3 has finished in 28 ms
05-Dec-2015 12:10:29.470 INFO [localhost-startStop-1] org.apache.catalina.startup.HostConfig.deployDirectory Deploying web application directory I:\TomCat\apache-tomcat-8.0.28\webapps\myXML
05-Dec-2015 12:10:29.509 INFO [localhost-startStop-1] org.apache.catalina.startup.HostConfig.deployDirectory Deployment of web application directory I:\TomCat\apache-tomcat-8.0.28\webapps\myXML has finished in 38 ms
05-Dec-2015 12:10:29.509 INFO [localhost-startStop-1] org.apache.catalina.startup.HostConfig.deployDirectory Deploying web application directory I:\TomCat\apache-tomcat-8.0.28\webapps\ROOT
05-Dec-2015 12:10:29.573 INFO [localhost-startStop-1] org.apache.catalina.startup.HostConfig.deployDirectory Deployment of web application directory I:\TomCat\apache-tomcat-8.0.28\webapps\ROOT has finished in 64 ms
05-Dec-2015 12:10:29.578 INFO [main] org.apache.coyote.AbstractProtocol.start Starting ProtocolHandler ["http-apr-8080"]
05-Dec-2015 12:10:29.590 INFO [main] org.apache.coyote.AbstractProtocol.start Starting ProtocolHandler ["ajp-apr-8009"]
05-Dec-2015 12:10:29.591 INFO [main] org.apache.catalina.startup.Catalina.start Server startup in 1657 ms
05-Dec-2015 12:47:24.262 INFO [Thread-4] org.apache.coyote.AbstractProtocol.pause Pausing ProtocolHandler ["http-apr-8080"]
05-Dec-2015 12:47:24.340 INFO [Thread-4] org.apache.coyote.AbstractProtocol.pause Pausing ProtocolHandler ["ajp-apr-8009"]
05-Dec-2015 12:47:24.403 INFO [Thread-4] org.apache.catalina.core.StandardService.stopInternal Stopping service Catalina
05-Dec-2015 12:47:24.434 INFO [Thread-4] org.apache.coyote.AbstractProtocol.stop Stopping ProtocolHandler ["http-apr-8080"]
05-Dec-2015 12:47:24.497 INFO [Thread-4] org.apache.coyote.AbstractProtocol.stop Stopping ProtocolHandler ["ajp-apr-8009"]
