
2015-12-28 19:33:39 Commons Daemon procrun stderr initialized
28-Dec-2015 19:33:40.555 INFO [main] org.apache.catalina.startup.VersionLoggerListener.log Server version:        Apache Tomcat/8.0.28
28-Dec-2015 19:33:40.558 INFO [main] org.apache.catalina.startup.VersionLoggerListener.log Server built:          Oct 7 2015 18:25:21 UTC
28-Dec-2015 19:33:40.558 INFO [main] org.apache.catalina.startup.VersionLoggerListener.log Server number:         8.0.28.0
28-Dec-2015 19:33:40.558 INFO [main] org.apache.catalina.startup.VersionLoggerListener.log OS Name:               Windows 8
28-Dec-2015 19:33:40.558 INFO [main] org.apache.catalina.startup.VersionLoggerListener.log OS Version:            6.2
28-Dec-2015 19:33:40.559 INFO [main] org.apache.catalina.startup.VersionLoggerListener.log Architecture:          amd64
28-Dec-2015 19:33:40.559 INFO [main] org.apache.catalina.startup.VersionLoggerListener.log Java Home:             D:\java 8\jre
28-Dec-2015 19:33:40.559 INFO [main] org.apache.catalina.startup.VersionLoggerListener.log JVM Version:           1.8.0_20-b26
28-Dec-2015 19:33:40.559 INFO [main] org.apache.catalina.startup.VersionLoggerListener.log JVM Vendor:            Oracle Corporation
28-Dec-2015 19:33:40.559 INFO [main] org.apache.catalina.startup.VersionLoggerListener.log CATALINA_BASE:         D:\TomCat\apache-tomcat-8.0.28
28-Dec-2015 19:33:40.559 INFO [main] org.apache.catalina.startup.VersionLoggerListener.log CATALINA_HOME:         D:\TomCat\apache-tomcat-8.0.28
28-Dec-2015 19:33:40.560 INFO [main] org.apache.catalina.startup.VersionLoggerListener.log Command line argument: -Dcatalina.home=D:\TomCat\apache-tomcat-8.0.28
28-Dec-2015 19:33:40.560 INFO [main] org.apache.catalina.startup.VersionLoggerListener.log Command line argument: -Dcatalina.base=D:\TomCat\apache-tomcat-8.0.28
28-Dec-2015 19:33:40.560 INFO [main] org.apache.catalina.startup.VersionLoggerListener.log Command line argument: -Djava.endorsed.dirs=D:\TomCat\apache-tomcat-8.0.28\endorsed
28-Dec-2015 19:33:40.560 INFO [main] org.apache.catalina.startup.VersionLoggerListener.log Command line argument: -Djava.io.tmpdir=D:\TomCat\apache-tomcat-8.0.28\temp
28-Dec-2015 19:33:40.560 INFO [main] org.apache.catalina.startup.VersionLoggerListener.log Command line argument: -Djava.util.logging.manager=org.apache.juli.ClassLoaderLogManager
28-Dec-2015 19:33:40.560 INFO [main] org.apache.catalina.startup.VersionLoggerListener.log Command line argument: -Djava.util.logging.config.file=D:\TomCat\apache-tomcat-8.0.28\conf\logging.properties
28-Dec-2015 19:33:40.561 INFO [main] org.apache.catalina.startup.VersionLoggerListener.log Command line argument: exit
28-Dec-2015 19:33:40.561 INFO [main] org.apache.catalina.startup.VersionLoggerListener.log Command line argument: -Xms128m
28-Dec-2015 19:33:40.561 INFO [main] org.apache.catalina.startup.VersionLoggerListener.log Command line argument: -Xmx256m
28-Dec-2015 19:33:40.561 INFO [main] org.apache.catalina.core.AprLifecycleListener.lifecycleEvent Loaded APR based Apache Tomcat Native library 1.1.33 using APR version 1.5.1.
28-Dec-2015 19:33:40.561 INFO [main] org.apache.catalina.core.AprLifecycleListener.lifecycleEvent APR capabilities: IPv6 [true], sendfile [true], accept filters [false], random [true].
28-Dec-2015 19:33:41.196 INFO [main] org.apache.catalina.core.AprLifecycleListener.initializeSSL OpenSSL successfully initialized (OpenSSL 1.0.1m 19 Mar 2015)
28-Dec-2015 19:33:41.350 INFO [main] org.apache.coyote.AbstractProtocol.init Initializing ProtocolHandler ["http-apr-8080"]
28-Dec-2015 19:33:41.361 INFO [main] org.apache.coyote.AbstractProtocol.init Initializing ProtocolHandler ["ajp-apr-8009"]
28-Dec-2015 19:33:41.363 INFO [main] org.apache.catalina.startup.Catalina.load Initialization processed in 1312 ms
28-Dec-2015 19:33:41.391 INFO [main] org.apache.catalina.core.StandardService.startInternal Starting service Catalina
28-Dec-2015 19:33:41.391 INFO [main] org.apache.catalina.core.StandardEngine.startInternal Starting Servlet Engine: Apache Tomcat/8.0.28
28-Dec-2015 19:33:41.402 INFO [localhost-startStop-1] org.apache.catalina.startup.HostConfig.deployDirectory Deploying web application directory D:\TomCat\apache-tomcat-8.0.28\webapps\docs
28-Dec-2015 19:33:41.901 INFO [localhost-startStop-1] org.apache.catalina.util.SessionIdGeneratorBase.createSecureRandom Creation of SecureRandom instance for session ID generation using [SHA1PRNG] took [123] milliseconds.
28-Dec-2015 19:33:41.925 INFO [localhost-startStop-1] org.apache.catalina.startup.HostConfig.deployDirectory Deployment of web application directory D:\TomCat\apache-tomcat-8.0.28\webapps\docs has finished in 523 ms
28-Dec-2015 19:33:41.926 INFO [localhost-startStop-1] org.apache.catalina.startup.HostConfig.deployDirectory Deploying web application directory D:\TomCat\apache-tomcat-8.0.28\webapps\examples
28-Dec-2015 19:33:42.379 INFO [localhost-startStop-1] org.apache.catalina.startup.HostConfig.deployDirectory Deployment of web application directory D:\TomCat\apache-tomcat-8.0.28\webapps\examples has finished in 452 ms
28-Dec-2015 19:33:42.379 INFO [localhost-startStop-1] org.apache.catalina.startup.HostConfig.deployDirectory Deploying web application directory D:\TomCat\apache-tomcat-8.0.28\webapps\host-manager
28-Dec-2015 19:33:42.427 INFO [localhost-startStop-1] org.apache.catalina.startup.HostConfig.deployDirectory Deployment of web application directory D:\TomCat\apache-tomcat-8.0.28\webapps\host-manager has finished in 48 ms
28-Dec-2015 19:33:42.427 INFO [localhost-startStop-1] org.apache.catalina.startup.HostConfig.deployDirectory Deploying web application directory D:\TomCat\apache-tomcat-8.0.28\webapps\manager
28-Dec-2015 19:33:42.463 INFO [localhost-startStop-1] org.apache.catalina.startup.HostConfig.deployDirectory Deployment of web application directory D:\TomCat\apache-tomcat-8.0.28\webapps\manager has finished in 35 ms
28-Dec-2015 19:33:42.463 INFO [localhost-startStop-1] org.apache.catalina.startup.HostConfig.deployDirectory Deploying web application directory D:\TomCat\apache-tomcat-8.0.28\webapps\mp3
28-Dec-2015 19:33:42.492 INFO [localhost-startStop-1] org.apache.catalina.startup.HostConfig.deployDirectory Deployment of web application directory D:\TomCat\apache-tomcat-8.0.28\webapps\mp3 has finished in 29 ms
28-Dec-2015 19:33:42.493 INFO [localhost-startStop-1] org.apache.catalina.startup.HostConfig.deployDirectory Deploying web application directory D:\TomCat\apache-tomcat-8.0.28\webapps\myXML
28-Dec-2015 19:33:42.529 INFO [localhost-startStop-1] org.apache.catalina.startup.HostConfig.deployDirectory Deployment of web application directory D:\TomCat\apache-tomcat-8.0.28\webapps\myXML has finished in 36 ms
28-Dec-2015 19:33:42.529 INFO [localhost-startStop-1] org.apache.catalina.startup.HostConfig.deployDirectory Deploying web application directory D:\TomCat\apache-tomcat-8.0.28\webapps\ROOT
28-Dec-2015 19:33:42.554 INFO [localhost-startStop-1] org.apache.catalina.startup.HostConfig.deployDirectory Deployment of web application directory D:\TomCat\apache-tomcat-8.0.28\webapps\ROOT has finished in 25 ms
28-Dec-2015 19:33:42.558 INFO [main] org.apache.coyote.AbstractProtocol.start Starting ProtocolHandler ["http-apr-8080"]
28-Dec-2015 19:33:42.569 INFO [main] org.apache.coyote.AbstractProtocol.start Starting ProtocolHandler ["ajp-apr-8009"]
28-Dec-2015 19:33:42.571 INFO [main] org.apache.catalina.startup.Catalina.start Server startup in 1208 ms
29-Dec-2015 19:15:39.439 INFO [Thread-4] org.apache.coyote.AbstractProtocol.pause Pausing ProtocolHandler ["http-apr-8080"]
29-Dec-2015 19:15:39.533 INFO [Thread-4] org.apache.coyote.AbstractProtocol.pause Pausing ProtocolHandler ["ajp-apr-8009"]
29-Dec-2015 19:15:39.596 INFO [Thread-4] org.apache.catalina.core.StandardService.stopInternal Stopping service Catalina
29-Dec-2015 19:15:39.658 INFO [Thread-4] org.apache.coyote.AbstractProtocol.stop Stopping ProtocolHandler ["http-apr-8080"]
29-Dec-2015 19:15:39.783 INFO [Thread-4] org.apache.coyote.AbstractProtocol.stop Stopping ProtocolHandler ["ajp-apr-8009"]
