
2015-11-30 14:07:35 Commons Daemon procrun stderr initialized
30-Nov-2015 14:07:36.208 INFO [main] org.apache.catalina.startup.VersionLoggerListener.log Server version:        Apache Tomcat/8.0.28
30-Nov-2015 14:07:36.209 INFO [main] org.apache.catalina.startup.VersionLoggerListener.log Server built:          Oct 7 2015 18:25:21 UTC
30-Nov-2015 14:07:36.210 INFO [main] org.apache.catalina.startup.VersionLoggerListener.log Server number:         8.0.28.0
30-Nov-2015 14:07:36.210 INFO [main] org.apache.catalina.startup.VersionLoggerListener.log OS Name:               Windows 8
30-Nov-2015 14:07:36.210 INFO [main] org.apache.catalina.startup.VersionLoggerListener.log OS Version:            6.2
30-Nov-2015 14:07:36.210 INFO [main] org.apache.catalina.startup.VersionLoggerListener.log Architecture:          amd64
30-Nov-2015 14:07:36.210 INFO [main] org.apache.catalina.startup.VersionLoggerListener.log Java Home:             I:\java 8\jre
30-Nov-2015 14:07:36.210 INFO [main] org.apache.catalina.startup.VersionLoggerListener.log JVM Version:           1.8.0_20-b26
30-Nov-2015 14:07:36.211 INFO [main] org.apache.catalina.startup.VersionLoggerListener.log JVM Vendor:            Oracle Corporation
30-Nov-2015 14:07:36.211 INFO [main] org.apache.catalina.startup.VersionLoggerListener.log CATALINA_BASE:         I:\TomCat\apache-tomcat-8.0.28
30-Nov-2015 14:07:36.211 INFO [main] org.apache.catalina.startup.VersionLoggerListener.log CATALINA_HOME:         I:\TomCat\apache-tomcat-8.0.28
30-Nov-2015 14:07:36.211 INFO [main] org.apache.catalina.startup.VersionLoggerListener.log Command line argument: -Dcatalina.home=I:\TomCat\apache-tomcat-8.0.28
30-Nov-2015 14:07:36.212 INFO [main] org.apache.catalina.startup.VersionLoggerListener.log Command line argument: -Dcatalina.base=I:\TomCat\apache-tomcat-8.0.28
30-Nov-2015 14:07:36.212 INFO [main] org.apache.catalina.startup.VersionLoggerListener.log Command line argument: -Djava.endorsed.dirs=I:\TomCat\apache-tomcat-8.0.28\endorsed
30-Nov-2015 14:07:36.212 INFO [main] org.apache.catalina.startup.VersionLoggerListener.log Command line argument: -Djava.io.tmpdir=I:\TomCat\apache-tomcat-8.0.28\temp
30-Nov-2015 14:07:36.212 INFO [main] org.apache.catalina.startup.VersionLoggerListener.log Command line argument: -Djava.util.logging.manager=org.apache.juli.ClassLoaderLogManager
30-Nov-2015 14:07:36.212 INFO [main] org.apache.catalina.startup.VersionLoggerListener.log Command line argument: -Djava.util.logging.config.file=I:\TomCat\apache-tomcat-8.0.28\conf\logging.properties
30-Nov-2015 14:07:36.212 INFO [main] org.apache.catalina.startup.VersionLoggerListener.log Command line argument: exit
30-Nov-2015 14:07:36.212 INFO [main] org.apache.catalina.startup.VersionLoggerListener.log Command line argument: -Xms128m
30-Nov-2015 14:07:36.213 INFO [main] org.apache.catalina.startup.VersionLoggerListener.log Command line argument: -Xmx256m
30-Nov-2015 14:07:36.213 INFO [main] org.apache.catalina.core.AprLifecycleListener.lifecycleEvent Loaded APR based Apache Tomcat Native library 1.1.33 using APR version 1.5.1.
30-Nov-2015 14:07:36.213 INFO [main] org.apache.catalina.core.AprLifecycleListener.lifecycleEvent APR capabilities: IPv6 [true], sendfile [true], accept filters [false], random [true].
30-Nov-2015 14:07:36.933 INFO [main] org.apache.catalina.core.AprLifecycleListener.initializeSSL OpenSSL successfully initialized (OpenSSL 1.0.1m 19 Mar 2015)
30-Nov-2015 14:07:37.094 INFO [main] org.apache.coyote.AbstractProtocol.init Initializing ProtocolHandler ["http-apr-8080"]
30-Nov-2015 14:07:37.106 INFO [main] org.apache.coyote.AbstractProtocol.init Initializing ProtocolHandler ["ajp-apr-8009"]
30-Nov-2015 14:07:37.109 INFO [main] org.apache.catalina.startup.Catalina.load Initialization processed in 1439 ms
30-Nov-2015 14:07:37.139 INFO [main] org.apache.catalina.core.StandardService.startInternal Starting service Catalina
30-Nov-2015 14:07:37.140 INFO [main] org.apache.catalina.core.StandardEngine.startInternal Starting Servlet Engine: Apache Tomcat/8.0.28
30-Nov-2015 14:07:37.156 INFO [localhost-startStop-1] org.apache.catalina.startup.HostConfig.deployDirectory Deploying web application directory I:\TomCat\apache-tomcat-8.0.28\webapps\docs
30-Nov-2015 14:07:37.814 INFO [localhost-startStop-1] org.apache.catalina.util.SessionIdGeneratorBase.createSecureRandom Creation of SecureRandom instance for session ID generation using [SHA1PRNG] took [251] milliseconds.
30-Nov-2015 14:07:37.837 INFO [localhost-startStop-1] org.apache.catalina.startup.HostConfig.deployDirectory Deployment of web application directory I:\TomCat\apache-tomcat-8.0.28\webapps\docs has finished in 681 ms
30-Nov-2015 14:07:37.838 INFO [localhost-startStop-1] org.apache.catalina.startup.HostConfig.deployDirectory Deploying web application directory I:\TomCat\apache-tomcat-8.0.28\webapps\examples
30-Nov-2015 14:07:38.333 INFO [localhost-startStop-1] org.apache.catalina.startup.HostConfig.deployDirectory Deployment of web application directory I:\TomCat\apache-tomcat-8.0.28\webapps\examples has finished in 494 ms
30-Nov-2015 14:07:38.333 INFO [localhost-startStop-1] org.apache.catalina.startup.HostConfig.deployDirectory Deploying web application directory I:\TomCat\apache-tomcat-8.0.28\webapps\host-manager
30-Nov-2015 14:07:38.385 INFO [localhost-startStop-1] org.apache.catalina.startup.HostConfig.deployDirectory Deployment of web application directory I:\TomCat\apache-tomcat-8.0.28\webapps\host-manager has finished in 52 ms
30-Nov-2015 14:07:38.385 INFO [localhost-startStop-1] org.apache.catalina.startup.HostConfig.deployDirectory Deploying web application directory I:\TomCat\apache-tomcat-8.0.28\webapps\manager
30-Nov-2015 14:07:38.436 INFO [localhost-startStop-1] org.apache.catalina.startup.HostConfig.deployDirectory Deployment of web application directory I:\TomCat\apache-tomcat-8.0.28\webapps\manager has finished in 51 ms
30-Nov-2015 14:07:38.436 INFO [localhost-startStop-1] org.apache.catalina.startup.HostConfig.deployDirectory Deploying web application directory I:\TomCat\apache-tomcat-8.0.28\webapps\mp3
30-Nov-2015 14:07:38.465 INFO [localhost-startStop-1] org.apache.catalina.startup.HostConfig.deployDirectory Deployment of web application directory I:\TomCat\apache-tomcat-8.0.28\webapps\mp3 has finished in 29 ms
30-Nov-2015 14:07:38.466 INFO [localhost-startStop-1] org.apache.catalina.startup.HostConfig.deployDirectory Deploying web application directory I:\TomCat\apache-tomcat-8.0.28\webapps\myXML
30-Nov-2015 14:07:38.501 INFO [localhost-startStop-1] org.apache.catalina.startup.HostConfig.deployDirectory Deployment of web application directory I:\TomCat\apache-tomcat-8.0.28\webapps\myXML has finished in 36 ms
30-Nov-2015 14:07:38.501 INFO [localhost-startStop-1] org.apache.catalina.startup.HostConfig.deployDirectory Deploying web application directory I:\TomCat\apache-tomcat-8.0.28\webapps\ROOT
30-Nov-2015 14:07:38.545 INFO [localhost-startStop-1] org.apache.catalina.startup.HostConfig.deployDirectory Deployment of web application directory I:\TomCat\apache-tomcat-8.0.28\webapps\ROOT has finished in 44 ms
30-Nov-2015 14:07:38.550 INFO [main] org.apache.coyote.AbstractProtocol.start Starting ProtocolHandler ["http-apr-8080"]
30-Nov-2015 14:07:38.561 INFO [main] org.apache.coyote.AbstractProtocol.start Starting ProtocolHandler ["ajp-apr-8009"]
30-Nov-2015 14:07:38.562 INFO [main] org.apache.catalina.startup.Catalina.start Server startup in 1453 ms
02-Dec-2015 15:41:04.076 INFO [Thread-4] org.apache.coyote.AbstractProtocol.pause Pausing ProtocolHandler ["http-apr-8080"]
02-Dec-2015 15:41:04.139 INFO [Thread-4] org.apache.coyote.AbstractProtocol.pause Pausing ProtocolHandler ["ajp-apr-8009"]
02-Dec-2015 15:41:04.190 INFO [Thread-4] org.apache.catalina.core.StandardService.stopInternal Stopping service Catalina
02-Dec-2015 15:41:04.252 INFO [Thread-4] org.apache.coyote.AbstractProtocol.stop Stopping ProtocolHandler ["http-apr-8080"]
02-Dec-2015 15:41:04.305 INFO [Thread-4] org.apache.coyote.AbstractProtocol.stop Stopping ProtocolHandler ["ajp-apr-8009"]
