
2015-11-18 17:52:03 Commons Daemon procrun stderr initialized
18-Nov-2015 17:52:04.641 INFO [main] org.apache.catalina.startup.VersionLoggerListener.log Server version:        Apache Tomcat/8.0.28
18-Nov-2015 17:52:04.642 INFO [main] org.apache.catalina.startup.VersionLoggerListener.log Server built:          Oct 7 2015 18:25:21 UTC
18-Nov-2015 17:52:04.643 INFO [main] org.apache.catalina.startup.VersionLoggerListener.log Server number:         8.0.28.0
18-Nov-2015 17:52:04.643 INFO [main] org.apache.catalina.startup.VersionLoggerListener.log OS Name:               Windows 8
18-Nov-2015 17:52:04.643 INFO [main] org.apache.catalina.startup.VersionLoggerListener.log OS Version:            6.2
18-Nov-2015 17:52:04.643 INFO [main] org.apache.catalina.startup.VersionLoggerListener.log Architecture:          amd64
18-Nov-2015 17:52:04.643 INFO [main] org.apache.catalina.startup.VersionLoggerListener.log Java Home:             I:\java 8\jre
18-Nov-2015 17:52:04.643 INFO [main] org.apache.catalina.startup.VersionLoggerListener.log JVM Version:           1.8.0_20-b26
18-Nov-2015 17:52:04.643 INFO [main] org.apache.catalina.startup.VersionLoggerListener.log JVM Vendor:            Oracle Corporation
18-Nov-2015 17:52:04.643 INFO [main] org.apache.catalina.startup.VersionLoggerListener.log CATALINA_BASE:         I:\TomCat\apache-tomcat-8.0.28
18-Nov-2015 17:52:04.643 INFO [main] org.apache.catalina.startup.VersionLoggerListener.log CATALINA_HOME:         I:\TomCat\apache-tomcat-8.0.28
18-Nov-2015 17:52:04.644 INFO [main] org.apache.catalina.startup.VersionLoggerListener.log Command line argument: -Dcatalina.home=I:\TomCat\apache-tomcat-8.0.28
18-Nov-2015 17:52:04.644 INFO [main] org.apache.catalina.startup.VersionLoggerListener.log Command line argument: -Dcatalina.base=I:\TomCat\apache-tomcat-8.0.28
18-Nov-2015 17:52:04.644 INFO [main] org.apache.catalina.startup.VersionLoggerListener.log Command line argument: -Djava.endorsed.dirs=I:\TomCat\apache-tomcat-8.0.28\endorsed
18-Nov-2015 17:52:04.644 INFO [main] org.apache.catalina.startup.VersionLoggerListener.log Command line argument: -Djava.io.tmpdir=I:\TomCat\apache-tomcat-8.0.28\temp
18-Nov-2015 17:52:04.644 INFO [main] org.apache.catalina.startup.VersionLoggerListener.log Command line argument: -Djava.util.logging.manager=org.apache.juli.ClassLoaderLogManager
18-Nov-2015 17:52:04.644 INFO [main] org.apache.catalina.startup.VersionLoggerListener.log Command line argument: -Djava.util.logging.config.file=I:\TomCat\apache-tomcat-8.0.28\conf\logging.properties
18-Nov-2015 17:52:04.644 INFO [main] org.apache.catalina.startup.VersionLoggerListener.log Command line argument: exit
18-Nov-2015 17:52:04.645 INFO [main] org.apache.catalina.startup.VersionLoggerListener.log Command line argument: -Xms128m
18-Nov-2015 17:52:04.645 INFO [main] org.apache.catalina.startup.VersionLoggerListener.log Command line argument: -Xmx256m
18-Nov-2015 17:52:04.645 INFO [main] org.apache.catalina.core.AprLifecycleListener.lifecycleEvent Loaded APR based Apache Tomcat Native library 1.1.33 using APR version 1.5.1.
18-Nov-2015 17:52:04.645 INFO [main] org.apache.catalina.core.AprLifecycleListener.lifecycleEvent APR capabilities: IPv6 [true], sendfile [true], accept filters [false], random [true].
18-Nov-2015 17:52:05.349 INFO [main] org.apache.catalina.core.AprLifecycleListener.initializeSSL OpenSSL successfully initialized (OpenSSL 1.0.1m 19 Mar 2015)
18-Nov-2015 17:52:05.522 INFO [main] org.apache.coyote.AbstractProtocol.init Initializing ProtocolHandler ["http-apr-8080"]
18-Nov-2015 17:52:05.533 INFO [main] org.apache.coyote.AbstractProtocol.init Initializing ProtocolHandler ["ajp-apr-8009"]
18-Nov-2015 17:52:05.536 INFO [main] org.apache.catalina.startup.Catalina.load Initialization processed in 1482 ms
18-Nov-2015 17:52:05.568 INFO [main] org.apache.catalina.core.StandardService.startInternal Starting service Catalina
18-Nov-2015 17:52:05.568 INFO [main] org.apache.catalina.core.StandardEngine.startInternal Starting Servlet Engine: Apache Tomcat/8.0.28
18-Nov-2015 17:52:05.582 INFO [localhost-startStop-1] org.apache.catalina.startup.HostConfig.deployDirectory Deploying web application directory I:\TomCat\apache-tomcat-8.0.28\webapps\docs
18-Nov-2015 17:52:06.141 INFO [localhost-startStop-1] org.apache.catalina.util.SessionIdGeneratorBase.createSecureRandom Creation of SecureRandom instance for session ID generation using [SHA1PRNG] took [186] milliseconds.
18-Nov-2015 17:52:06.170 INFO [localhost-startStop-1] org.apache.catalina.startup.HostConfig.deployDirectory Deployment of web application directory I:\TomCat\apache-tomcat-8.0.28\webapps\docs has finished in 589 ms
18-Nov-2015 17:52:06.170 INFO [localhost-startStop-1] org.apache.catalina.startup.HostConfig.deployDirectory Deploying web application directory I:\TomCat\apache-tomcat-8.0.28\webapps\examples
18-Nov-2015 17:52:06.646 INFO [localhost-startStop-1] org.apache.catalina.startup.HostConfig.deployDirectory Deployment of web application directory I:\TomCat\apache-tomcat-8.0.28\webapps\examples has finished in 476 ms
18-Nov-2015 17:52:06.646 INFO [localhost-startStop-1] org.apache.catalina.startup.HostConfig.deployDirectory Deploying web application directory I:\TomCat\apache-tomcat-8.0.28\webapps\host-manager
18-Nov-2015 17:52:06.701 INFO [localhost-startStop-1] org.apache.catalina.startup.HostConfig.deployDirectory Deployment of web application directory I:\TomCat\apache-tomcat-8.0.28\webapps\host-manager has finished in 54 ms
18-Nov-2015 17:52:06.701 INFO [localhost-startStop-1] org.apache.catalina.startup.HostConfig.deployDirectory Deploying web application directory I:\TomCat\apache-tomcat-8.0.28\webapps\manager
18-Nov-2015 17:52:06.737 INFO [localhost-startStop-1] org.apache.catalina.startup.HostConfig.deployDirectory Deployment of web application directory I:\TomCat\apache-tomcat-8.0.28\webapps\manager has finished in 36 ms
18-Nov-2015 17:52:06.738 INFO [localhost-startStop-1] org.apache.catalina.startup.HostConfig.deployDirectory Deploying web application directory I:\TomCat\apache-tomcat-8.0.28\webapps\mp3
18-Nov-2015 17:52:06.765 INFO [localhost-startStop-1] org.apache.catalina.startup.HostConfig.deployDirectory Deployment of web application directory I:\TomCat\apache-tomcat-8.0.28\webapps\mp3 has finished in 26 ms
18-Nov-2015 17:52:06.765 INFO [localhost-startStop-1] org.apache.catalina.startup.HostConfig.deployDirectory Deploying web application directory I:\TomCat\apache-tomcat-8.0.28\webapps\ROOT
18-Nov-2015 17:52:06.794 INFO [localhost-startStop-1] org.apache.catalina.startup.HostConfig.deployDirectory Deployment of web application directory I:\TomCat\apache-tomcat-8.0.28\webapps\ROOT has finished in 29 ms
18-Nov-2015 17:52:06.799 INFO [main] org.apache.coyote.AbstractProtocol.start Starting ProtocolHandler ["http-apr-8080"]
18-Nov-2015 17:52:06.810 INFO [main] org.apache.coyote.AbstractProtocol.start Starting ProtocolHandler ["ajp-apr-8009"]
18-Nov-2015 17:52:06.811 INFO [main] org.apache.catalina.startup.Catalina.start Server startup in 1275 ms
19-Nov-2015 10:01:21.146 INFO [Thread-4] org.apache.coyote.AbstractProtocol.pause Pausing ProtocolHandler ["http-apr-8080"]
19-Nov-2015 10:01:21.161 INFO [Thread-4] org.apache.coyote.AbstractProtocol.pause Pausing ProtocolHandler ["ajp-apr-8009"]
19-Nov-2015 10:01:21.213 INFO [Thread-4] org.apache.catalina.core.StandardService.stopInternal Stopping service Catalina
19-Nov-2015 10:01:21.273 INFO [Thread-4] org.apache.coyote.AbstractProtocol.stop Stopping ProtocolHandler ["http-apr-8080"]
19-Nov-2015 10:01:21.325 INFO [Thread-4] org.apache.coyote.AbstractProtocol.stop Stopping ProtocolHandler ["ajp-apr-8009"]
